# JRE version: OpenJDK Runtime Environment (8.0_111-b14) (build 1.8.0_111-8u111-b14-3~14.04.1-b14)
# Java VM: OpenJDK 64-Bit Server VM (25.111-b14 mixed mode linux-amd64 compressed oops)
Heap:
 def new generation   total 208128K, used 164284K [0x00000000d1a00000, 0x00000000dfbd0000, 0x00000000e1150000)
  eden space 185024K,  83% used [0x00000000d1a00000, 0x00000000db114c38, 0x00000000dceb0000)
  from space 23104K,  41% used [0x00000000de540000, 0x00000000dee9a4a0, 0x00000000dfbd0000)
  to   space 23104K,   0% used [0x00000000dceb0000, 0x00000000dceb0000, 0x00000000de540000)
 tenured generation   total 462440K, used 403994K [0x00000000e1150000, 0x00000000fd4ea000, 0x0000000100000000)
   the space 462440K,  87% used [0x00000000e1150000, 0x00000000f9bd6918, 0x00000000f9bd6a00, 0x00000000fd4ea000)
 Metaspace       used 54225K, capacity 56032K, committed 56320K, reserved 1099776K
  class space    used 5950K, capacity 6335K, committed 6400K, reserved 1048576K
GC Heap History (10 events):
Event: 74.316 GC heap before
{Heap before GC invocations=212 (full 8):
 def new generation   total 208128K, used 196203K [0x00000000d1a00000, 0x00000000dfbd0000, 0x00000000e1150000)
  eden space 185024K, 100% used [0x00000000d1a00000, 0x00000000dceb0000, 0x00000000dceb0000)
  from space 23104K,  48% used [0x00000000dceb0000, 0x00000000dd99ac38, 0x00000000de540000)
  to   space 23104K,   0% used [0x00000000de540000, 0x00000000de540000, 0x00000000dfbd0000)
 tenured generation   total 462440K, used 371412K [0x00000000e1150000, 0x00000000fd4ea000, 0x0000000100000000)
   the space 462440K,  80% used [0x00000000e1150000, 0x00000000f7c05128, 0x00000000f7c05200, 0x00000000fd4ea000)
 Metaspace       used 54192K, capacity 56032K, committed 56320K, reserved 1099776K
  class space    used 5950K, capacity 6335K, committed 6400K, reserved 1048576K
Event: 74.483 GC heap after
Heap after GC invocations=213 (full 8):
 def new generation   total 208128K, used 22335K [0x00000000d1a00000, 0x00000000dfbd0000, 0x00000000e1150000)
  eden space 185024K,   0% used [0x00000000d1a00000, 0x00000000d1a00000, 0x00000000dceb0000)
  from space 23104K,  96% used [0x00000000de540000, 0x00000000dfb0ff98, 0x00000000dfbd0000)
  to   space 23104K,   0% used [0x00000000dceb0000, 0x00000000dceb0000, 0x00000000de540000)
 tenured generation   total 462440K, used 371412K [0x00000000e1150000, 0x00000000fd4ea000, 0x0000000100000000)
   the space 462440K,  80% used [0x00000000e1150000, 0x00000000f7c05128, 0x00000000f7c05200, 0x00000000fd4ea000)
 Metaspace       used 54192K, capacity 56032K, committed 56320K, reserved 1099776K
  class space    used 5950K, capacity 6335K, committed 6400K, reserved 1048576K
}
Event: 75.209 GC heap before
{Heap before GC invocations=213 (full 8):
 def new generation   total 208128K, used 207359K [0x00000000d1a00000, 0x00000000dfbd0000, 0x00000000e1150000)
  eden space 185024K, 100% used [0x00000000d1a00000, 0x00000000dceb0000, 0x00000000dceb0000)
  from space 23104K,  96% used [0x00000000de540000, 0x00000000dfb0ff98, 0x00000000dfbd0000)
  to   space 23104K,   0% used [0x00000000dceb0000, 0x00000000dceb0000, 0x00000000de540000)
 tenured generation   total 462440K, used 371412K [0x00000000e1150000, 0x00000000fd4ea000, 0x0000000100000000)
   the space 462440K,  80% used [0x00000000e1150000, 0x00000000f7c05128, 0x00000000f7c05200, 0x00000000fd4ea000)
 Metaspace       used 54207K, capacity 56032K, committed 56320K, reserved 1099776K
  class space    used 5950K, capacity 6335K, committed 6400K, reserved 1048576K
Event: 75.285 GC heap after
Heap after GC invocations=214 (full 8):
 def new generation   total 208128K, used 11266K [0x00000000d1a00000, 0x00000000dfbd0000, 0x00000000e1150000)
  eden space 185024K,   0% used [0x00000000d1a00000, 0x00000000d1a00000, 0x00000000dceb0000)
  from space 23104K,  48% used [0x00000000dceb0000, 0x00000000dd9b0ab0, 0x00000000de540000)
  to   space 23104K,   0% used [0x00000000de540000, 0x00000000de540000, 0x00000000dfbd0000)
 tenured generation   total 462440K, used 382165K [0x00000000e1150000, 0x00000000fd4ea000, 0x0000000100000000)
   the space 462440K,  82% used [0x00000000e1150000, 0x00000000f8685570, 0x00000000f8685600, 0x00000000fd4ea000)
 Metaspace       used 54207K, capacity 56032K, committed 56320K, reserved 1099776K
  class space    used 5950K, capacity 6335K, committed 6400K, reserved 1048576K
}
Event: 75.774 GC heap before
{Heap before GC invocations=214 (full 8):
 def new generation   total 208128K, used 196290K [0x00000000d1a00000, 0x00000000dfbd0000, 0x00000000e1150000)
  eden space 185024K, 100% used [0x00000000d1a00000, 0x00000000dceb0000, 0x00000000dceb0000)
  from space 23104K,  48% used [0x00000000dceb0000, 0x00000000dd9b0ab0, 0x00000000de540000)
  to   space 23104K,   0% used [0x00000000de540000, 0x00000000de540000, 0x00000000dfbd0000)
 tenured generation   total 462440K, used 382165K [0x00000000e1150000, 0x00000000fd4ea000, 0x0000000100000000)
   the space 462440K,  82% used [0x00000000e1150000, 0x00000000f8685570, 0x00000000f8685600, 0x00000000fd4ea000)
 Metaspace       used 54217K, capacity 56032K, committed 56320K, reserved 1099776K
  class space    used 5950K, capacity 6335K, committed 6400K, reserved 1048576K
Event: 75.840 GC heap after
Heap after GC invocations=215 (full 8):
 def new generation   total 208128K, used 17846K [0x00000000d1a00000, 0x00000000dfbd0000, 0x00000000e1150000)
  eden space 185024K,   0% used [0x00000000d1a00000, 0x00000000d1a00000, 0x00000000dceb0000)
  from space 23104K,  77% used [0x00000000de540000, 0x00000000df6ad878, 0x00000000dfbd0000)
  to   space 23104K,   0% used [0x00000000dceb0000, 0x00000000dceb0000, 0x00000000de540000)
 tenured generation   total 462440K, used 382165K [0x00000000e1150000, 0x00000000fd4ea000, 0x0000000100000000)
   the space 462440K,  82% used [0x00000000e1150000, 0x00000000f8685570, 0x00000000f8685600, 0x00000000fd4ea000)
 Metaspace       used 54217K, capacity 56032K, committed 56320K, reserved 1099776K
  class space    used 5950K, capacity 6335K, committed 6400K, reserved 1048576K
}
Event: 76.616 GC heap before
{Heap before GC invocations=215 (full 8):
 def new generation   total 208128K, used 202870K [0x00000000d1a00000, 0x00000000dfbd0000, 0x00000000e1150000)
  eden space 185024K, 100% used [0x00000000d1a00000, 0x00000000dceb0000, 0x00000000dceb0000)
  from space 23104K,  77% used [0x00000000de540000, 0x00000000df6ad878, 0x00000000dfbd0000)
  to   space 23104K,   0% used [0x00000000dceb0000, 0x00000000dceb0000, 0x00000000de540000)
 tenured generation   total 462440K, used 382165K [0x00000000e1150000, 0x00000000fd4ea000, 0x0000000100000000)
   the space 462440K,  82% used [0x00000000e1150000, 0x00000000f8685570, 0x00000000f8685600, 0x00000000fd4ea000)
 Metaspace       used 54219K, capacity 56032K, committed 56320K, reserved 1099776K
  class space    used 5950K, capacity 6335K, committed 6400K, reserved 1048576K
Event: 76.705 GC heap after
Heap after GC invocations=216 (full 8):
 def new generation   total 208128K, used 23104K [0x00000000d1a00000, 0x00000000dfbd0000, 0x00000000e1150000)
  eden space 185024K,   0% used [0x00000000d1a00000, 0x00000000d1a00000, 0x00000000dceb0000)
  from space 23104K, 100% used [0x00000000dceb0000, 0x00000000de540000, 0x00000000de540000)
  to   space 23104K,   0% used [0x00000000de540000, 0x00000000de540000, 0x00000000dfbd0000)
 tenured generation   total 462440K, used 390977K [0x00000000e1150000, 0x00000000fd4ea000, 0x0000000100000000)
   the space 462440K,  84% used [0x00000000e1150000, 0x00000000f8f20588, 0x00000000f8f20600, 0x00000000fd4ea000)
 Metaspace       used 54219K, capacity 56032K, committed 56320K, reserved 1099776K
  class space    used 5950K, capacity 6335K, committed 6400K, reserved 1048576K
}
Event: 77.604 GC heap before
{Heap before GC invocations=216 (full 8):
 def new generation   total 208128K, used 208128K [0x00000000d1a00000, 0x00000000dfbd0000, 0x00000000e1150000)
  eden space 185024K, 100% used [0x00000000d1a00000, 0x00000000dceb0000, 0x00000000dceb0000)
  from space 23104K, 100% used [0x00000000dceb0000, 0x00000000de540000, 0x00000000de540000)
  to   space 23104K,   0% used [0x00000000de540000, 0x00000000de540000, 0x00000000dfbd0000)
 tenured generation   total 462440K, used 390977K [0x00000000e1150000, 0x00000000fd4ea000, 0x0000000100000000)
   the space 462440K,  84% used [0x00000000e1150000, 0x00000000f8f20588, 0x00000000f8f20600, 0x00000000fd4ea000)
 Metaspace       used 54225K, capacity 56032K, committed 56320K, reserved 1099776K
  class space    used 5950K, capacity 6335K, committed 6400K, reserved 1048576K
Event: 77.708 GC heap after
Heap after GC invocations=217 (full 8):
 def new generation   total 208128K, used 9577K [0x00000000d1a00000, 0x00000000dfbd0000, 0x00000000e1150000)
  eden space 185024K,   0% used [0x00000000d1a00000, 0x00000000d1a00000, 0x00000000dceb0000)
  from space 23104K,  41% used [0x00000000de540000, 0x00000000dee9a4a0, 0x00000000dfbd0000)
  to   space 23104K,   0% used [0x00000000dceb0000, 0x00000000dceb0000, 0x00000000de540000)
 tenured generation   total 462440K, used 403994K [0x00000000e1150000, 0x00000000fd4ea000, 0x0000000100000000)
   the space 462440K,  87% used [0x00000000e1150000, 0x00000000f9bd6918, 0x00000000f9bd6a00, 0x00000000fd4ea000)
 Metaspace       used 54225K, capacity 56032K, committed 56320K, reserved 1099776K
  class space    used 5950K, capacity 6335K, committed 6400K, reserved 1048576K
}

